
> real-estate-crowdfunding@1.0.0 frontend
> cd frontend && npm start


> real-estate-crowdfunding-frontend@0.1.0 start
> react-scripts start

(node:52290) [DEP_WEBPACK_DEV_SERVER_ON_AFTER_SETUP_MIDDLEWARE] DeprecationWarning: 'onAfterSetupMiddleware' option is deprecated. Please use the 'setupMiddlewares' option.
(Use `node --trace-deprecation ...` to show where the warning was created)
(node:52290) [DEP_WEBPACK_DEV_SERVER_ON_BEFORE_SETUP_MIDDLEWARE] DeprecationWarning: 'onBeforeSetupMiddleware' option is deprecated. Please use the 'setupMiddlewares' option.
Starting the development server...

Compiled with warnings.

[eslint] 
src/pages/Home.js
  Line 7:3:  'DollarSign' is defined but never used  no-unused-vars

src/pages/MyInvestments.js
  Line 8:3:    'Calendar' is defined but never used                                                                                no-unused-vars
  Line 14:53:  'getProperty' is assigned a value but never used                                                                    no-unused-vars
  Line 27:6:   React Hook useEffect has a missing dependency: 'loadInvestments'. Either include it or remove the dependency array  react-hooks/exhaustive-deps

src/pages/MyProperties.js
  Line 12:3:  'Clock' is defined but never used                                                                                  no-unused-vars
  Line 29:6:  React Hook useEffect has a missing dependency: 'loadProperties'. Either include it or remove the dependency array  react-hooks/exhaustive-deps

src/pages/Properties.js
  Line 24:6:  React Hook useEffect has a missing dependency: 'loadProperties'. Either include it or remove the dependency array    react-hooks/exhaustive-deps
  Line 41:6:  React Hook useEffect has a missing dependency: 'filterProperties'. Either include it or remove the dependency array  react-hooks/exhaustive-deps

src/pages/PropertyDetail.js
  Line 8:3:   'Users' is defined but never used                                                                                no-unused-vars
  Line 35:6:  React Hook useEffect has a missing dependency: 'loadProperty'. Either include it or remove the dependency array  react-hooks/exhaustive-deps

Search for the keywords to learn more about each warning.
To ignore, add // eslint-disable-next-line to the line before.

WARNING in [eslint] 
src/pages/Home.js
  Line 7:3:  'DollarSign' is defined but never used  no-unused-vars

src/pages/MyInvestments.js
  Line 8:3:    'Calendar' is defined but never used                                                                                no-unused-vars
  Line 14:53:  'getProperty' is assigned a value but never used                                                                    no-unused-vars
  Line 27:6:   React Hook useEffect has a missing dependency: 'loadInvestments'. Either include it or remove the dependency array  react-hooks/exhaustive-deps

src/pages/MyProperties.js
  Line 12:3:  'Clock' is defined but never used                                                                                  no-unused-vars
  Line 29:6:  React Hook useEffect has a missing dependency: 'loadProperties'. Either include it or remove the dependency array  react-hooks/exhaustive-deps

src/pages/Properties.js
  Line 24:6:  React Hook useEffect has a missing dependency: 'loadProperties'. Either include it or remove the dependency array    react-hooks/exhaustive-deps
  Line 41:6:  React Hook useEffect has a missing dependency: 'filterProperties'. Either include it or remove the dependency array  react-hooks/exhaustive-deps

src/pages/PropertyDetail.js
  Line 8:3:   'Users' is defined but never used                                                                                no-unused-vars
  Line 35:6:  React Hook useEffect has a missing dependency: 'loadProperty'. Either include it or remove the dependency array  react-hooks/exhaustive-deps

webpack compiled with 1 warning
Proxy error: Could not proxy request /favicon.ico from localhost:3000 to http://localhost:3001.
See https://nodejs.org/api/errors.html#errors_common_system_errors for more information (ECONNREFUSED).

Proxy error: Could not proxy request /favicon.ico from localhost:3000 to http://localhost:3001.
See https://nodejs.org/api/errors.html#errors_common_system_errors for more information (ECONNREFUSED).

Proxy error: Could not proxy request /favicon.ico from localhost:3000 to http://localhost:3001.
See https://nodejs.org/api/errors.html#errors_common_system_errors for more information (ECONNREFUSED).

Proxy error: Could not proxy request /favicon.ico from localhost:3000 to http://localhost:3001.
See https://nodejs.org/api/errors.html#errors_common_system_errors for more information (ECONNREFUSED).

Proxy error: Could not proxy request /favicon.ico from localhost:3000 to http://localhost:3001.
See https://nodejs.org/api/errors.html#errors_common_system_errors for more information (ECONNREFUSED).

Proxy error: Could not proxy request /favicon.ico from localhost:3000 to http://localhost:3001.
See https://nodejs.org/api/errors.html#errors_common_system_errors for more information (ECONNREFUSED).

Proxy error: Could not proxy request /favicon.ico from localhost:3000 to http://localhost:3001.
See https://nodejs.org/api/errors.html#errors_common_system_errors for more information (ECONNREFUSED).

Proxy error: Could not proxy request /favicon.ico from localhost:3000 to http://localhost:3001.
See https://nodejs.org/api/errors.html#errors_common_system_errors for more information (ECONNREFUSED).

Proxy error: Could not proxy request /favicon.ico from localhost:3000 to http://localhost:3001.
See https://nodejs.org/api/errors.html#errors_common_system_errors for more information (ECONNREFUSED).

Proxy error: Could not proxy request /favicon.ico from localhost:3000 to http://localhost:3001.
See https://nodejs.org/api/errors.html#errors_common_system_errors for more information (ECONNREFUSED).

Proxy error: Could not proxy request /favicon.ico from localhost:3000 to http://localhost:3001.
See https://nodejs.org/api/errors.html#errors_common_system_errors for more information (ECONNREFUSED).

Proxy error: Could not proxy request /favicon.ico from localhost:3000 to http://localhost:3001.
See https://nodejs.org/api/errors.html#errors_common_system_errors for more information (ECONNREFUSED).

Proxy error: Could not proxy request /favicon.ico from localhost:3000 to http://localhost:3001.
See https://nodejs.org/api/errors.html#errors_common_system_errors for more information (ECONNREFUSED).

Proxy error: Could not proxy request /favicon.ico from localhost:3000 to http://localhost:3001.
See https://nodejs.org/api/errors.html#errors_common_system_errors for more information (ECONNREFUSED).

Proxy error: Could not proxy request /favicon.ico from localhost:3000 to http://localhost:3001.
See https://nodejs.org/api/errors.html#errors_common_system_errors for more information (ECONNREFUSED).

